<?xml version="1.0" encoding="UTF-8"?>
<!-- Generated by org.testng.reporters.JUnitReportReporter -->
<testsuite hostname="Nishits-MBP.fios-router.home" name="com.crm.qa.tests.ContactsPageTest" tests="5" failures="0" timestamp="4 Jun 2019 17:25:46 GMT" time="69.439" errors="0">
  <testcase name="validateCreateNewContact" time="15.541" classname="com.crm.qa.tests.ContactsPageTest"/>
  <testcase name="verifyContactsLabelTest" time="12.560" classname="com.crm.qa.tests.ContactsPageTest"/>
  <testcase name="validateCreateNewContact" time="15.410" classname="com.crm.qa.tests.ContactsPageTest"/>
  <testcase name="validateCreateNewContact" time="15.477" classname="com.crm.qa.tests.ContactsPageTest"/>
  <testcase name="selectcontactsPageByNameTest" time="10.451" classname="com.crm.qa.tests.ContactsPageTest"/>
</testsuite> <!-- com.crm.qa.tests.ContactsPageTest -->
