<?xml version="1.0" encoding="UTF-8"?>
<!-- Generated by org.testng.reporters.JUnitReportReporter -->
<testsuite hostname="Nishits-MBP.fios-router.home" name="com.crm.qa.tests.CasesPageTest" tests="2" failures="0" timestamp="11 Jun 2019 03:17:16 GMT" time="22.024" errors="0">
  <testcase name="validateCreateNewCases" time="12.510" classname="com.crm.qa.tests.CasesPageTest"/>
  <testcase name="validateAdvancedSearchPage" time="9.514" classname="com.crm.qa.tests.CasesPageTest"/>
</testsuite> <!-- com.crm.qa.tests.CasesPageTest -->
