<?xml version="1.0" encoding="UTF-8"?>
<!-- Generated by org.testng.reporters.JUnitReportReporter -->
<testsuite hostname="Nishits-MBP.fios-router.home" name="com.crm.qa.tests.CompaniesPageTest" tests="2" failures="0" timestamp="12 Jun 2019 04:03:26 GMT" time="28.444" errors="0">
  <testcase name="validateAdvancedSearchCompanies" time="8.869" classname="com.crm.qa.tests.CompaniesPageTest"/>
  <testcase name="createNewCompany" time="19.575" classname="com.crm.qa.tests.CompaniesPageTest"/>
</testsuite> <!-- com.crm.qa.tests.CompaniesPageTest -->
