<?xml version="1.0" encoding="UTF-8"?>
<!-- Generated by org.testng.reporters.JUnitReportReporter -->
<testsuite hostname="Nishits-MBP.fios-router.home" name="com.crm.qa.tests.DealsPageTest" tests="3" failures="0" timestamp="7 Jun 2019 02:05:32 GMT" time="37.757" errors="0">
  <testcase name="VerifyDealsPageWithAdvancedSerachTest" time="8.487" classname="com.crm.qa.tests.DealsPageTest"/>
  <testcase name="validateCreateNewDealTest" time="13.198" classname="com.crm.qa.tests.DealsPageTest"/>
  <testcase name="validateCreateNewDealTest" time="16.072" classname="com.crm.qa.tests.DealsPageTest"/>
</testsuite> <!-- com.crm.qa.tests.DealsPageTest -->
