<?xml version="1.0" encoding="UTF-8"?>
<!-- Generated by org.testng.reporters.JUnitReportReporter -->
<testsuite hostname="Nishits-MBP.fios-router.home" name="com.crm.qa.tests.LoginPageTest" tests="1" failures="0" timestamp="4 Jun 2019 17:25:46 GMT" time="7.891" errors="0">
  <testcase name="loginTest" time="7.891" classname="com.crm.qa.tests.LoginPageTest"/>
</testsuite> <!-- com.crm.qa.tests.LoginPageTest -->
