<?xml version="1.0" encoding="UTF-8"?>
<!-- Generated by org.testng.reporters.JUnitReportReporter -->
<testsuite hostname="Nishits-MBP.fios-router.home" name="com.crm.qa.tests.TaskPageTest" tests="2" failures="0" timestamp="7 Jun 2019 07:03:48 GMT" time="26.404" errors="0">
  <testcase name="validateCreateNewTask" time="12.472" classname="com.crm.qa.tests.TaskPageTest"/>
  <testcase name="validateCreateNewTask" time="13.932" classname="com.crm.qa.tests.TaskPageTest"/>
</testsuite> <!-- com.crm.qa.tests.TaskPageTest -->
