<?xml version="1.0" encoding="UTF-8"?>
<!-- Generated by org.testng.reporters.JUnitReportReporter -->
<testsuite hostname="Nishits-MBP.fios-router.home" name="com.crm.qa.tests.HomePageTest" tests="5" failures="0" timestamp="4 Jun 2019 17:25:46 GMT" time="45.086" errors="0">
  <testcase name="verifyUserLableTest" time="7.769" classname="com.crm.qa.tests.HomePageTest"/>
  <testcase name="clickOnContactsLinkTest" time="10.248" classname="com.crm.qa.tests.HomePageTest"/>
  <testcase name="verifyHomePageTitleTest" time="10.724" classname="com.crm.qa.tests.HomePageTest"/>
  <testcase name="clickonTaskslinkTest" time="8.043" classname="com.crm.qa.tests.HomePageTest"/>
  <testcase name="clickOnDealsLinkTest" time="8.302" classname="com.crm.qa.tests.HomePageTest"/>
</testsuite> <!-- com.crm.qa.tests.HomePageTest -->
